

**********************************************************************************
*                                                                                *
*                           2018.10.30                              *
*                                                                                *
**********************************************************************************

------------  Epoch 1, val_loss: [0.6828449792861938]  -----------
Confusion matrix:
      |  Good|   Bad|<-- classified as
------|-------------| -SUM-
  Good|   820|  1172|  1992
   Bad|   597|  1411|  2008
------|-------------|------
 -SUM-|  1417|  2583|  4000

Accuracy =  55.77%

Results for the individual labels:
	  Good: P = 57.87%, R = 41.16%, F = 48.11%
	   Bad: P = 54.63%, R = 70.27%, F = 61.47%

<<Official Score>>Macro-averaged result:
P = 56.25%, R = 55.72%, F = 55.98%
--------------------------------------------------



**********************************************************************************
*                                                                                *
*                           2018.10.30                              *
*                                                                                *
**********************************************************************************

------------  Epoch 2, val_loss: [0.6784856457710267]  -----------
Confusion matrix:
      |  Good|   Bad|<-- classified as
------|-------------| -SUM-
  Good|  1083|   909|  1992
   Bad|   774|  1234|  2008
------|-------------|------
 -SUM-|  1857|  2143|  4000

Accuracy =  57.93%

Results for the individual labels:
	  Good: P = 58.32%, R = 54.37%, F = 56.27%
	   Bad: P = 57.58%, R = 61.45%, F = 59.46%

<<Official Score>>Macro-averaged result:
P = 57.95%, R = 57.91%, F = 57.93%
--------------------------------------------------



**********************************************************************************
*                                                                                *
*                           2018.10.30                              *
*                                                                                *
**********************************************************************************

------------  Epoch 3, val_loss: [0.6777380661964416]  -----------
Confusion matrix:
      |  Good|   Bad|<-- classified as
------|-------------| -SUM-
  Good|  1127|   865|  1992
   Bad|   825|  1183|  2008
------|-------------|------
 -SUM-|  1952|  2048|  4000

Accuracy =  57.75%

Results for the individual labels:
	  Good: P = 57.74%, R = 56.58%, F = 57.15%
	   Bad: P = 57.76%, R = 58.91%, F = 58.33%

<<Official Score>>Macro-averaged result:
P = 57.75%, R = 57.75%, F = 57.75%
--------------------------------------------------



**********************************************************************************
*                                                                                *
*                           2018.10.30                              *
*                                                                                *
**********************************************************************************

------------  Epoch 4, val_loss: [0.6770083441734314]  -----------
Confusion matrix:
      |  Good|   Bad|<-- classified as
------|-------------| -SUM-
  Good|  1192|   800|  1992
   Bad|   898|  1110|  2008
------|-------------|------
 -SUM-|  2090|  1910|  4000

Accuracy =  57.55%

Results for the individual labels:
	  Good: P = 57.03%, R = 59.84%, F = 58.40%
	   Bad: P = 58.12%, R = 55.28%, F = 56.66%

<<Official Score>>Macro-averaged result:
P = 57.57%, R = 57.56%, F = 57.57%
--------------------------------------------------



**********************************************************************************
*                                                                                *
*                           2018.10.30                              *
*                                                                                *
**********************************************************************************

------------  Epoch 5, val_loss: [0.6729204707145691]  -----------
Confusion matrix:
      |  Good|   Bad|<-- classified as
------|-------------| -SUM-
  Good|  1283|   709|  1992
   Bad|   945|  1063|  2008
------|-------------|------
 -SUM-|  2228|  1772|  4000

Accuracy =  58.65%

Results for the individual labels:
	  Good: P = 57.59%, R = 64.41%, F = 60.81%
	   Bad: P = 59.99%, R = 52.94%, F = 56.24%

<<Official Score>>Macro-averaged result:
P = 58.79%, R = 58.67%, F = 58.73%
--------------------------------------------------



**********************************************************************************
*                                                                                *
*                           2018.10.30                              *
*                                                                                *
**********************************************************************************

------------  Epoch 6, val_loss: [0.6583197383880616]  -----------
Confusion matrix:
      |  Good|   Bad|<-- classified as
------|-------------| -SUM-
  Good|  1168|   824|  1992
   Bad|   781|  1227|  2008
------|-------------|------
 -SUM-|  1949|  2051|  4000

Accuracy =  59.88%

Results for the individual labels:
	  Good: P = 59.93%, R = 58.63%, F = 59.27%
	   Bad: P = 59.82%, R = 61.11%, F = 60.46%

<<Official Score>>Macro-averaged result:
P = 59.88%, R = 59.87%, F = 59.87%
--------------------------------------------------



**********************************************************************************
*                                                                                *
*                           2018.10.30                              *
*                                                                                *
**********************************************************************************

------------  Epoch 7, val_loss: [0.6413527240753174]  -----------
Confusion matrix:
      |  Good|   Bad|<-- classified as
------|-------------| -SUM-
  Good|  1146|   846|  1992
   Bad|   644|  1364|  2008
------|-------------|------
 -SUM-|  1790|  2210|  4000

Accuracy =  62.75%

Results for the individual labels:
	  Good: P = 64.02%, R = 57.53%, F = 60.60%
	   Bad: P = 61.72%, R = 67.93%, F = 64.68%

<<Official Score>>Macro-averaged result:
P = 62.87%, R = 62.73%, F = 62.80%
--------------------------------------------------



**********************************************************************************
*                                                                                *
*                           2018.10.30                              *
*                                                                                *
**********************************************************************************

------------  Epoch 8, val_loss: [0.6275942759513855]  -----------
Confusion matrix:
      |  Good|   Bad|<-- classified as
------|-------------| -SUM-
  Good|  1231|   761|  1992
   Bad|   653|  1355|  2008
------|-------------|------
 -SUM-|  1884|  2116|  4000

Accuracy =  64.65%

Results for the individual labels:
	  Good: P = 65.34%, R = 61.80%, F = 63.52%
	   Bad: P = 64.04%, R = 67.48%, F = 65.71%

<<Official Score>>Macro-averaged result:
P = 64.69%, R = 64.64%, F = 64.66%
--------------------------------------------------



**********************************************************************************
*                                                                                *
*                           2018.10.30                              *
*                                                                                *
**********************************************************************************

------------  Epoch 9, val_loss: [0.6490501532554627]  -----------
Confusion matrix:
      |  Good|   Bad|<-- classified as
------|-------------| -SUM-
  Good|  1059|   933|  1992
   Bad|   475|  1533|  2008
------|-------------|------
 -SUM-|  1534|  2466|  4000

Accuracy =  64.80%

Results for the individual labels:
	  Good: P = 69.04%, R = 53.16%, F = 60.07%
	   Bad: P = 62.17%, R = 76.34%, F = 68.53%

<<Official Score>>Macro-averaged result:
P = 65.60%, R = 64.75%, F = 65.17%
--------------------------------------------------



**********************************************************************************
*                                                                                *
*                           2018.10.30                              *
*                                                                                *
**********************************************************************************

------------  Epoch 10, val_loss: [0.6383022565841675]  -----------
Confusion matrix:
      |  Good|   Bad|<-- classified as
------|-------------| -SUM-
  Good|  1113|   879|  1992
   Bad|   513|  1495|  2008
------|-------------|------
 -SUM-|  1626|  2374|  4000

Accuracy =  65.20%

Results for the individual labels:
	  Good: P = 68.45%, R = 55.87%, F = 61.53%
	   Bad: P = 62.97%, R = 74.45%, F = 68.23%

<<Official Score>>Macro-averaged result:
P = 65.71%, R = 65.16%, F = 65.44%
--------------------------------------------------



**********************************************************************************
*                                                                                *
*                           2018.10.30                              *
*                                                                                *
**********************************************************************************

------------  Epoch 11, val_loss: [0.6359388718605041]  -----------
Confusion matrix:
      |  Good|   Bad|<-- classified as
------|-------------| -SUM-
  Good|  1193|   799|  1992
   Bad|   587|  1421|  2008
------|-------------|------
 -SUM-|  1780|  2220|  4000

Accuracy =  65.35%

Results for the individual labels:
	  Good: P = 67.02%, R = 59.89%, F = 63.26%
	   Bad: P = 64.01%, R = 70.77%, F = 67.22%

<<Official Score>>Macro-averaged result:
P = 65.52%, R = 65.33%, F = 65.42%
--------------------------------------------------



**********************************************************************************
*                                                                                *
*                           2018.10.30                              *
*                                                                                *
**********************************************************************************

------------  Epoch 12, val_loss: [0.6586142649650574]  -----------
Confusion matrix:
      |  Good|   Bad|<-- classified as
------|-------------| -SUM-
  Good|  1039|   953|  1992
   Bad|   445|  1563|  2008
------|-------------|------
 -SUM-|  1484|  2516|  4000

Accuracy =  65.05%

Results for the individual labels:
	  Good: P = 70.01%, R = 52.16%, F = 59.78%
	   Bad: P = 62.12%, R = 77.84%, F = 69.10%

<<Official Score>>Macro-averaged result:
P = 66.07%, R = 65.00%, F = 65.53%
--------------------------------------------------



**********************************************************************************
*                                                                                *
*                           2018.10.30                              *
*                                                                                *
**********************************************************************************

------------  Epoch 13, val_loss: [0.6924010000228882]  -----------
Confusion matrix:
      |  Good|   Bad|<-- classified as
------|-------------| -SUM-
  Good|  1200|   792|  1992
   Bad|   639|  1369|  2008
------|-------------|------
 -SUM-|  1839|  2161|  4000

Accuracy =  64.22%

Results for the individual labels:
	  Good: P = 65.25%, R = 60.24%, F = 62.65%
	   Bad: P = 63.35%, R = 68.18%, F = 65.68%

<<Official Score>>Macro-averaged result:
P = 64.30%, R = 64.21%, F = 64.26%
--------------------------------------------------



**********************************************************************************
*                                                                                *
*                           2018.10.30                              *
*                                                                                *
**********************************************************************************

------------  Epoch 14, val_loss: [0.7052080721855164]  -----------
Confusion matrix:
      |  Good|   Bad|<-- classified as
------|-------------| -SUM-
  Good|  1196|   796|  1992
   Bad|   607|  1401|  2008
------|-------------|------
 -SUM-|  1803|  2197|  4000

Accuracy =  64.92%

Results for the individual labels:
	  Good: P = 66.33%, R = 60.04%, F = 63.03%
	   Bad: P = 63.77%, R = 69.77%, F = 66.63%

<<Official Score>>Macro-averaged result:
P = 65.05%, R = 64.91%, F = 64.98%
--------------------------------------------------



**********************************************************************************
*                                                                                *
*                           2018.10.30                              *
*                                                                                *
**********************************************************************************

------------  Epoch 1, val_loss: [0.7121426954269409]  -----------
Confusion matrix:
      |  Good|   Bad|<-- classified as
------|-------------| -SUM-
  Good|  1379|   613|  1992
   Bad|  1156|   852|  2008
------|-------------|------
 -SUM-|  2535|  1465|  4000

Accuracy =  55.77%

Results for the individual labels:
	  Good: P = 54.40%, R = 69.23%, F = 60.92%
	   Bad: P = 58.16%, R = 42.43%, F = 49.06%

<<Official Score>>Macro-averaged result:
P = 56.28%, R = 55.83%, F = 56.05%
--------------------------------------------------



**********************************************************************************
*                                                                                *
*                           2018.10.30                              *
*                                                                                *
**********************************************************************************

------------  Epoch 2, val_loss: [0.643973732471466]  -----------
Confusion matrix:
      |  Good|   Bad|<-- classified as
------|-------------| -SUM-
  Good|  1495|   497|  1992
   Bad|  1005|  1003|  2008
------|-------------|------
 -SUM-|  2500|  1500|  4000

Accuracy =  62.45%

Results for the individual labels:
	  Good: P = 59.80%, R = 75.05%, F = 66.56%
	   Bad: P = 66.87%, R = 49.95%, F = 57.18%

<<Official Score>>Macro-averaged result:
P = 63.33%, R = 62.50%, F = 62.91%
--------------------------------------------------



**********************************************************************************
*                                                                                *
*                           2018.10.30                              *
*                                                                                *
**********************************************************************************

------------  Epoch 3, val_loss: [0.5830992841720581]  -----------
Confusion matrix:
      |  Good|   Bad|<-- classified as
------|-------------| -SUM-
  Good|  1010|   982|  1992
   Bad|   247|  1761|  2008
------|-------------|------
 -SUM-|  1257|  2743|  4000

Accuracy =  69.27%

Results for the individual labels:
	  Good: P = 80.35%, R = 50.70%, F = 62.17%
	   Bad: P = 64.20%, R = 87.70%, F = 74.13%

<<Official Score>>Macro-averaged result:
P = 72.27%, R = 69.20%, F = 70.70%
--------------------------------------------------



**********************************************************************************
*                                                                                *
*                           2018.10.30                              *
*                                                                                *
**********************************************************************************

------------  Epoch 4, val_loss: [0.5435440788269043]  -----------
Confusion matrix:
      |  Good|   Bad|<-- classified as
------|-------------| -SUM-
  Good|  1136|   856|  1992
   Bad|   234|  1774|  2008
------|-------------|------
 -SUM-|  1370|  2630|  4000

Accuracy =  72.75%

Results for the individual labels:
	  Good: P = 82.92%, R = 57.03%, F = 67.58%
	   Bad: P = 67.45%, R = 88.35%, F = 76.50%

<<Official Score>>Macro-averaged result:
P = 75.19%, R = 72.69%, F = 73.92%
--------------------------------------------------



**********************************************************************************
*                                                                                *
*                           2018.10.30                              *
*                                                                                *
**********************************************************************************

------------  Epoch 5, val_loss: [0.5202856459617615]  -----------
Confusion matrix:
      |  Good|   Bad|<-- classified as
------|-------------| -SUM-
  Good|  1266|   726|  1992
   Bad|   306|  1702|  2008
------|-------------|------
 -SUM-|  1572|  2428|  4000

Accuracy =  74.20%

Results for the individual labels:
	  Good: P = 80.53%, R = 63.55%, F = 71.04%
	   Bad: P = 70.10%, R = 84.76%, F = 76.74%

<<Official Score>>Macro-averaged result:
P = 75.32%, R = 74.16%, F = 74.73%
--------------------------------------------------



**********************************************************************************
*                                                                                *
*                           2018.10.30                              *
*                                                                                *
**********************************************************************************

------------  Epoch 6, val_loss: [0.5078821337223053]  -----------
Confusion matrix:
      |  Good|   Bad|<-- classified as
------|-------------| -SUM-
  Good|  1378|   614|  1992
   Bad|   347|  1661|  2008
------|-------------|------
 -SUM-|  1725|  2275|  4000

Accuracy =  75.98%

Results for the individual labels:
	  Good: P = 79.88%, R = 69.18%, F = 74.15%
	   Bad: P = 73.01%, R = 82.72%, F = 77.56%

<<Official Score>>Macro-averaged result:
P = 76.45%, R = 75.95%, F = 76.20%
--------------------------------------------------



**********************************************************************************
*                                                                                *
*                           2018.10.30                              *
*                                                                                *
**********************************************************************************

------------  Epoch 7, val_loss: [0.5043069002628326]  -----------
Confusion matrix:
      |  Good|   Bad|<-- classified as
------|-------------| -SUM-
  Good|  1327|   665|  1992
   Bad|   242|  1766|  2008
------|-------------|------
 -SUM-|  1569|  2431|  4000

Accuracy =  77.33%

Results for the individual labels:
	  Good: P = 84.58%, R = 66.62%, F = 74.53%
	   Bad: P = 72.65%, R = 87.95%, F = 79.57%

<<Official Score>>Macro-averaged result:
P = 78.61%, R = 77.28%, F = 77.94%
--------------------------------------------------



**********************************************************************************
*                                                                                *
*                           2018.10.30                              *
*                                                                                *
**********************************************************************************

------------  Epoch 8, val_loss: [0.48830191493034364]  -----------
Confusion matrix:
      |  Good|   Bad|<-- classified as
------|-------------| -SUM-
  Good|  1439|   553|  1992
   Bad|   319|  1689|  2008
------|-------------|------
 -SUM-|  1758|  2242|  4000

Accuracy =  78.20%

Results for the individual labels:
	  Good: P = 81.85%, R = 72.24%, F = 76.75%
	   Bad: P = 75.33%, R = 84.11%, F = 79.48%

<<Official Score>>Macro-averaged result:
P = 78.59%, R = 78.18%, F = 78.38%
--------------------------------------------------



**********************************************************************************
*                                                                                *
*                           2018.10.30                              *
*                                                                                *
**********************************************************************************

------------  Epoch 9, val_loss: [0.501077047586441]  -----------
Confusion matrix:
      |  Good|   Bad|<-- classified as
------|-------------| -SUM-
  Good|  1425|   567|  1992
   Bad|   339|  1669|  2008
------|-------------|------
 -SUM-|  1764|  2236|  4000

Accuracy =  77.35%

Results for the individual labels:
	  Good: P = 80.78%, R = 71.54%, F = 75.88%
	   Bad: P = 74.64%, R = 83.12%, F = 78.65%

<<Official Score>>Macro-averaged result:
P = 77.71%, R = 77.33%, F = 77.52%
--------------------------------------------------



**********************************************************************************
*                                                                                *
*                           2018.10.30                              *
*                                                                                *
**********************************************************************************

------------  Epoch 10, val_loss: [0.4899556646347046]  -----------
Confusion matrix:
      |  Good|   Bad|<-- classified as
------|-------------| -SUM-
  Good|  1396|   596|  1992
   Bad|   279|  1729|  2008
------|-------------|------
 -SUM-|  1675|  2325|  4000

Accuracy =  78.12%

Results for the individual labels:
	  Good: P = 83.34%, R = 70.08%, F = 76.14%
	   Bad: P = 74.37%, R = 86.11%, F = 79.81%

<<Official Score>>Macro-averaged result:
P = 78.85%, R = 78.09%, F = 78.47%
--------------------------------------------------



**********************************************************************************
*                                                                                *
*                           2018.10.30                              *
*                                                                                *
**********************************************************************************

------------  Epoch 11, val_loss: [0.5216615011692047]  -----------
Confusion matrix:
      |  Good|   Bad|<-- classified as
------|-------------| -SUM-
  Good|  1330|   662|  1992
   Bad|   242|  1766|  2008
------|-------------|------
 -SUM-|  1572|  2428|  4000

Accuracy =  77.40%

Results for the individual labels:
	  Good: P = 84.61%, R = 66.77%, F = 74.64%
	   Bad: P = 72.73%, R = 87.95%, F = 79.62%

<<Official Score>>Macro-averaged result:
P = 78.67%, R = 77.36%, F = 78.01%
--------------------------------------------------



**********************************************************************************
*                                                                                *
*                           2018.10.30                              *
*                                                                                *
**********************************************************************************

------------  Epoch 12, val_loss: [0.5564395785331726]  -----------
Confusion matrix:
      |  Good|   Bad|<-- classified as
------|-------------| -SUM-
  Good|  1380|   612|  1992
   Bad|   291|  1717|  2008
------|-------------|------
 -SUM-|  1671|  2329|  4000

Accuracy =  77.42%

Results for the individual labels:
	  Good: P = 82.59%, R = 69.28%, F = 75.35%
	   Bad: P = 73.72%, R = 85.51%, F = 79.18%

<<Official Score>>Macro-averaged result:
P = 78.15%, R = 77.39%, F = 77.77%
--------------------------------------------------



**********************************************************************************
*                                                                                *
*                           2018.10.30                              *
*                                                                                *
**********************************************************************************

------------  Epoch 13, val_loss: [0.5648982481956482]  -----------
Confusion matrix:
      |  Good|   Bad|<-- classified as
------|-------------| -SUM-
  Good|  1490|   502|  1992
   Bad|   406|  1602|  2008
------|-------------|------
 -SUM-|  1896|  2104|  4000

Accuracy =  77.30%

Results for the individual labels:
	  Good: P = 78.59%, R = 74.80%, F = 76.65%
	   Bad: P = 76.14%, R = 79.78%, F = 77.92%

<<Official Score>>Macro-averaged result:
P = 77.36%, R = 77.29%, F = 77.33%
--------------------------------------------------



**********************************************************************************
*                                                                                *
*                           2018.10.30                              *
*                                                                                *
**********************************************************************************

------------  Epoch 14, val_loss: [0.6179256370067596]  -----------
Confusion matrix:
      |  Good|   Bad|<-- classified as
------|-------------| -SUM-
  Good|  1450|   542|  1992
   Bad|   329|  1679|  2008
------|-------------|------
 -SUM-|  1779|  2221|  4000

Accuracy =  78.22%

Results for the individual labels:
	  Good: P = 81.51%, R = 72.79%, F = 76.90%
	   Bad: P = 75.60%, R = 83.62%, F = 79.40%

<<Official Score>>Macro-averaged result:
P = 78.55%, R = 78.20%, F = 78.38%
--------------------------------------------------



**********************************************************************************
*                                                                                *
*                           2018.10.30                              *
*                                                                                *
**********************************************************************************

------------  Epoch 15, val_loss: [0.617918143749237]  -----------
Confusion matrix:
      |  Good|   Bad|<-- classified as
------|-------------| -SUM-
  Good|  1464|   528|  1992
   Bad|   397|  1611|  2008
------|-------------|------
 -SUM-|  1861|  2139|  4000

Accuracy =  76.88%

Results for the individual labels:
	  Good: P = 78.67%, R = 73.49%, F = 75.99%
	   Bad: P = 75.32%, R = 80.23%, F = 77.69%

<<Official Score>>Macro-averaged result:
P = 76.99%, R = 76.86%, F = 76.93%
--------------------------------------------------



**********************************************************************************
*                                                                                *
*                           2018.10.30                              *
*                                                                                *
**********************************************************************************

------------  Epoch 16, val_loss: [0.6604733929634095]  -----------
Confusion matrix:
      |  Good|   Bad|<-- classified as
------|-------------| -SUM-
  Good|  1439|   553|  1992
   Bad|   334|  1674|  2008
------|-------------|------
 -SUM-|  1773|  2227|  4000

Accuracy =  77.83%

Results for the individual labels:
	  Good: P = 81.16%, R = 72.24%, F = 76.44%
	   Bad: P = 75.17%, R = 83.37%, F = 79.06%

<<Official Score>>Macro-averaged result:
P = 78.17%, R = 77.80%, F = 77.98%
--------------------------------------------------



**********************************************************************************
*                                                                                *
*                           2018.10.30                              *
*                                                                                *
**********************************************************************************

------------  Epoch 17, val_loss: [0.6775550384521485]  -----------
Confusion matrix:
      |  Good|   Bad|<-- classified as
------|-------------| -SUM-
  Good|  1456|   536|  1992
   Bad|   348|  1660|  2008
------|-------------|------
 -SUM-|  1804|  2196|  4000

Accuracy =  77.90%

Results for the individual labels:
	  Good: P = 80.71%, R = 73.09%, F = 76.71%
	   Bad: P = 75.59%, R = 82.67%, F = 78.97%

<<Official Score>>Macro-averaged result:
P = 78.15%, R = 77.88%, F = 78.02%
--------------------------------------------------



**********************************************************************************
*                                                                                *
*                           2018.10.30                              *
*                                                                                *
**********************************************************************************

------------  Epoch 18, val_loss: [0.768060715675354]  -----------
Confusion matrix:
      |  Good|   Bad|<-- classified as
------|-------------| -SUM-
  Good|  1479|   513|  1992
   Bad|   394|  1614|  2008
------|-------------|------
 -SUM-|  1873|  2127|  4000

Accuracy =  77.33%

Results for the individual labels:
	  Good: P = 78.96%, R = 74.25%, F = 76.53%
	   Bad: P = 75.88%, R = 80.38%, F = 78.07%

<<Official Score>>Macro-averaged result:
P = 77.42%, R = 77.31%, F = 77.37%
--------------------------------------------------



**********************************************************************************
*                                                                                *
*                           2018.10.30                              *
*                                                                                *
**********************************************************************************

------------  Epoch 19, val_loss: [0.729482189655304]  -----------
Confusion matrix:
      |  Good|   Bad|<-- classified as
------|-------------| -SUM-
  Good|  1482|   510|  1992
   Bad|   357|  1651|  2008
------|-------------|------
 -SUM-|  1839|  2161|  4000

Accuracy =  78.33%

Results for the individual labels:
	  Good: P = 80.59%, R = 74.40%, F = 77.37%
	   Bad: P = 76.40%, R = 82.22%, F = 79.20%

<<Official Score>>Macro-averaged result:
P = 78.49%, R = 78.31%, F = 78.40%
--------------------------------------------------



**********************************************************************************
*                                                                                *
*                           2018.10.30                              *
*                                                                                *
**********************************************************************************

------------  Epoch 20, val_loss: [0.7850612096786499]  -----------
Confusion matrix:
      |  Good|   Bad|<-- classified as
------|-------------| -SUM-
  Good|  1505|   487|  1992
   Bad|   422|  1586|  2008
------|-------------|------
 -SUM-|  1927|  2073|  4000

Accuracy =  77.28%

Results for the individual labels:
	  Good: P = 78.10%, R = 75.55%, F = 76.81%
	   Bad: P = 76.51%, R = 78.98%, F = 77.73%

<<Official Score>>Macro-averaged result:
P = 77.30%, R = 77.27%, F = 77.29%
--------------------------------------------------



**********************************************************************************
*                                                                                *
*                           2018.10.30                              *
*                                                                                *
**********************************************************************************

------------  Epoch 1, val_loss: [0.7008861742019653]  -----------
Confusion matrix:
      |  Good|   Bad|<-- classified as
------|-------------| -SUM-
  Good|   286|  1706|  1992
   Bad|   323|  1685|  2008
------|-------------|------
 -SUM-|   609|  3391|  4000

Accuracy =  49.28%

Results for the individual labels:
	  Good: P = 46.96%, R = 14.36%, F = 21.99%
	   Bad: P = 49.69%, R = 83.91%, F = 62.42%

<<Official Score>>Macro-averaged result:
P = 48.33%, R = 49.14%, F = 48.73%
--------------------------------------------------



**********************************************************************************
*                                                                                *
*                           2018.10.30                              *
*                                                                                *
**********************************************************************************

------------  Epoch 2, val_loss: [0.756900128364563]  -----------
Confusion matrix:
      |  Good|   Bad|<-- classified as
------|-------------| -SUM-
  Good|  1990|     2|  1992
   Bad|  2005|     3|  2008
------|-------------|------
 -SUM-|  3995|     5|  4000

Accuracy =  49.83%

Results for the individual labels:
	  Good: P = 49.81%, R = 99.90%, F = 66.48%
	   Bad: P = 60.00%, R =  0.15%, F =  0.30%

<<Official Score>>Macro-averaged result:
P = 54.91%, R = 50.02%, F = 52.35%
--------------------------------------------------



**********************************************************************************
*                                                                                *
*                           2018.10.30                              *
*                                                                                *
**********************************************************************************

------------  Epoch 3, val_loss: [0.6934209394454957]  -----------
Confusion matrix:
      |  Good|   Bad|<-- classified as
------|-------------| -SUM-
  Good|    12|  1980|  1992
   Bad|    18|  1990|  2008
------|-------------|------
 -SUM-|    30|  3970|  4000

Accuracy =  50.05%

Results for the individual labels:
	  Good: P = 40.00%, R =  0.60%, F =  1.19%
	   Bad: P = 50.13%, R = 99.10%, F = 66.58%

<<Official Score>>Macro-averaged result:
P = 45.06%, R = 49.85%, F = 47.34%
--------------------------------------------------



**********************************************************************************
*                                                                                *
*                           2018.10.30                              *
*                                                                                *
**********************************************************************************

------------  Epoch 4, val_loss: [0.690483434677124]  -----------
Confusion matrix:
      |  Good|   Bad|<-- classified as
------|-------------| -SUM-
  Good|  1420|   572|  1992
   Bad|  1290|   718|  2008
------|-------------|------
 -SUM-|  2710|  1290|  4000

Accuracy =  53.45%

Results for the individual labels:
	  Good: P = 52.40%, R = 71.29%, F = 60.40%
	   Bad: P = 55.66%, R = 35.76%, F = 43.54%

<<Official Score>>Macro-averaged result:
P = 54.03%, R = 53.52%, F = 53.77%
--------------------------------------------------



**********************************************************************************
*                                                                                *
*                           2018.10.30                              *
*                                                                                *
**********************************************************************************

------------  Epoch 1, val_loss: [0.6833372874259949]  -----------
Confusion matrix:
      |  Good|   Bad|<-- classified as
------|-------------| -SUM-
  Good|  1415|   577|  1992
   Bad|  1209|   799|  2008
------|-------------|------
 -SUM-|  2624|  1376|  4000

Accuracy =  55.35%

Results for the individual labels:
	  Good: P = 53.93%, R = 71.03%, F = 61.31%
	   Bad: P = 58.07%, R = 39.79%, F = 47.22%

<<Official Score>>Macro-averaged result:
P = 56.00%, R = 55.41%, F = 55.70%
--------------------------------------------------



**********************************************************************************
*                                                                                *
*                           2018.10.30                              *
*                                                                                *
**********************************************************************************

------------  Epoch 2, val_loss: [0.6363744702339172]  -----------
Confusion matrix:
      |  Good|   Bad|<-- classified as
------|-------------| -SUM-
  Good|  1340|   652|  1992
   Bad|   803|  1205|  2008
------|-------------|------
 -SUM-|  2143|  1857|  4000

Accuracy =  63.62%

Results for the individual labels:
	  Good: P = 62.53%, R = 67.27%, F = 64.81%
	   Bad: P = 64.89%, R = 60.01%, F = 62.35%

<<Official Score>>Macro-averaged result:
P = 63.71%, R = 63.64%, F = 63.67%
--------------------------------------------------



**********************************************************************************
*                                                                                *
*                           2018.10.30                              *
*                                                                                *
**********************************************************************************

------------  Epoch 3, val_loss: [0.5675449991226196]  -----------
Confusion matrix:
      |  Good|   Bad|<-- classified as
------|-------------| -SUM-
  Good|  1210|   782|  1992
   Bad|   376|  1632|  2008
------|-------------|------
 -SUM-|  1586|  2414|  4000

Accuracy =  71.05%

Results for the individual labels:
	  Good: P = 76.29%, R = 60.74%, F = 67.64%
	   Bad: P = 67.61%, R = 81.27%, F = 73.81%

<<Official Score>>Macro-averaged result:
P = 71.95%, R = 71.01%, F = 71.48%
--------------------------------------------------



**********************************************************************************
*                                                                                *
*                           2018.10.30                              *
*                                                                                *
**********************************************************************************

------------  Epoch 4, val_loss: [0.5405672101974487]  -----------
Confusion matrix:
      |  Good|   Bad|<-- classified as
------|-------------| -SUM-
  Good|  1161|   831|  1992
   Bad|   299|  1709|  2008
------|-------------|------
 -SUM-|  1460|  2540|  4000

Accuracy =  71.75%

Results for the individual labels:
	  Good: P = 79.52%, R = 58.28%, F = 67.27%
	   Bad: P = 67.28%, R = 85.11%, F = 75.15%

<<Official Score>>Macro-averaged result:
P = 73.40%, R = 71.70%, F = 72.54%
--------------------------------------------------



**********************************************************************************
*                                                                                *
*                           2018.10.30                              *
*                                                                                *
**********************************************************************************

------------  Epoch 5, val_loss: [0.5220177814960479]  -----------
Confusion matrix:
      |  Good|   Bad|<-- classified as
------|-------------| -SUM-
  Good|  1326|   666|  1992
   Bad|   333|  1675|  2008
------|-------------|------
 -SUM-|  1659|  2341|  4000

Accuracy =  75.02%

Results for the individual labels:
	  Good: P = 79.93%, R = 66.57%, F = 72.64%
	   Bad: P = 71.55%, R = 83.42%, F = 77.03%

<<Official Score>>Macro-averaged result:
P = 75.74%, R = 74.99%, F = 75.36%
--------------------------------------------------



**********************************************************************************
*                                                                                *
*                           2018.10.30                              *
*                                                                                *
**********************************************************************************

------------  Epoch 6, val_loss: [0.5204433946609497]  -----------
Confusion matrix:
      |  Good|   Bad|<-- classified as
------|-------------| -SUM-
  Good|  1427|   565|  1992
   Bad|   404|  1604|  2008
------|-------------|------
 -SUM-|  1831|  2169|  4000

Accuracy =  75.78%

Results for the individual labels:
	  Good: P = 77.94%, R = 71.64%, F = 74.65%
	   Bad: P = 73.95%, R = 79.88%, F = 76.80%

<<Official Score>>Macro-averaged result:
P = 75.94%, R = 75.76%, F = 75.85%
--------------------------------------------------



**********************************************************************************
*                                                                                *
*                           2018.10.30                              *
*                                                                                *
**********************************************************************************

------------  Epoch 7, val_loss: [0.5313831849098205]  -----------
Confusion matrix:
      |  Good|   Bad|<-- classified as
------|-------------| -SUM-
  Good|  1356|   636|  1992
   Bad|   350|  1658|  2008
------|-------------|------
 -SUM-|  1706|  2294|  4000

Accuracy =  75.35%

Results for the individual labels:
	  Good: P = 79.48%, R = 68.07%, F = 73.34%
	   Bad: P = 72.28%, R = 82.57%, F = 77.08%

<<Official Score>>Macro-averaged result:
P = 75.88%, R = 75.32%, F = 75.60%
--------------------------------------------------



**********************************************************************************
*                                                                                *
*                           2018.10.30                              *
*                                                                                *
**********************************************************************************

------------  Epoch 8, val_loss: [0.5289298233985901]  -----------
Confusion matrix:
      |  Good|   Bad|<-- classified as
------|-------------| -SUM-
  Good|  1494|   498|  1992
   Bad|   455|  1553|  2008
------|-------------|------
 -SUM-|  1949|  2051|  4000

Accuracy =  76.17%

Results for the individual labels:
	  Good: P = 76.65%, R = 75.00%, F = 75.82%
	   Bad: P = 75.72%, R = 77.34%, F = 76.52%

<<Official Score>>Macro-averaged result:
P = 76.19%, R = 76.17%, F = 76.18%
--------------------------------------------------



**********************************************************************************
*                                                                                *
*                           2018.10.30                              *
*                                                                                *
**********************************************************************************

------------  Epoch 9, val_loss: [0.558577278137207]  -----------
Confusion matrix:
      |  Good|   Bad|<-- classified as
------|-------------| -SUM-
  Good|  1403|   589|  1992
   Bad|   364|  1644|  2008
------|-------------|------
 -SUM-|  1767|  2233|  4000

Accuracy =  76.17%

Results for the individual labels:
	  Good: P = 79.40%, R = 70.43%, F = 74.65%
	   Bad: P = 73.62%, R = 81.87%, F = 77.53%

<<Official Score>>Macro-averaged result:
P = 76.51%, R = 76.15%, F = 76.33%
--------------------------------------------------



**********************************************************************************
*                                                                                *
*                           2018.10.30                              *
*                                                                                *
**********************************************************************************

------------  Epoch 10, val_loss: [0.5982137756347656]  -----------
Confusion matrix:
      |  Good|   Bad|<-- classified as
------|-------------| -SUM-
  Good|  1344|   648|  1992
   Bad|   311|  1697|  2008
------|-------------|------
 -SUM-|  1655|  2345|  4000

Accuracy =  76.02%

Results for the individual labels:
	  Good: P = 81.21%, R = 67.47%, F = 73.70%
	   Bad: P = 72.37%, R = 84.51%, F = 77.97%

<<Official Score>>Macro-averaged result:
P = 76.79%, R = 75.99%, F = 76.39%
--------------------------------------------------



**********************************************************************************
*                                                                                *
*                           2018.10.30                              *
*                                                                                *
**********************************************************************************

------------  Epoch 11, val_loss: [0.6358004703521728]  -----------
Confusion matrix:
      |  Good|   Bad|<-- classified as
------|-------------| -SUM-
  Good|  1506|   486|  1992
   Bad|   496|  1512|  2008
------|-------------|------
 -SUM-|  2002|  1998|  4000

Accuracy =  75.45%

Results for the individual labels:
	  Good: P = 75.22%, R = 75.60%, F = 75.41%
	   Bad: P = 75.68%, R = 75.30%, F = 75.49%

<<Official Score>>Macro-averaged result:
P = 75.45%, R = 75.45%, F = 75.45%
--------------------------------------------------



**********************************************************************************
*                                                                                *
*                           2018.10.30                              *
*                                                                                *
**********************************************************************************

------------  Epoch 1, val_loss: [0.7017965693473815]  -----------
Confusion matrix:
      |  Good|   Bad|<-- classified as
------|-------------| -SUM-
  Good|  1781|   211|  1992
   Bad|  1662|   346|  2008
------|-------------|------
 -SUM-|  3443|   557|  4000

Accuracy =  53.17%

Results for the individual labels:
	  Good: P = 51.73%, R = 89.41%, F = 65.54%
	   Bad: P = 62.12%, R = 17.23%, F = 26.98%

<<Official Score>>Macro-averaged result:
P = 56.92%, R = 53.32%, F = 55.06%
--------------------------------------------------



**********************************************************************************
*                                                                                *
*                           2018.10.30                              *
*                                                                                *
**********************************************************************************

------------  Epoch 2, val_loss: [0.6460166254043579]  -----------
Confusion matrix:
      |  Good|   Bad|<-- classified as
------|-------------| -SUM-
  Good|   899|  1093|  1992
   Bad|   421|  1587|  2008
------|-------------|------
 -SUM-|  1320|  2680|  4000

Accuracy =  62.15%

Results for the individual labels:
	  Good: P = 68.11%, R = 45.13%, F = 54.29%
	   Bad: P = 59.22%, R = 79.03%, F = 67.70%

<<Official Score>>Macro-averaged result:
P = 63.66%, R = 62.08%, F = 62.86%
--------------------------------------------------



**********************************************************************************
*                                                                                *
*                           2018.10.30                              *
*                                                                                *
**********************************************************************************

------------  Epoch 3, val_loss: [0.6012768759727478]  -----------
Confusion matrix:
      |  Good|   Bad|<-- classified as
------|-------------| -SUM-
  Good|  1515|   477|  1992
   Bad|   865|  1143|  2008
------|-------------|------
 -SUM-|  2380|  1620|  4000

Accuracy =  66.45%

Results for the individual labels:
	  Good: P = 63.66%, R = 76.05%, F = 69.30%
	   Bad: P = 70.56%, R = 56.92%, F = 63.01%

<<Official Score>>Macro-averaged result:
P = 67.11%, R = 66.49%, F = 66.80%
--------------------------------------------------



**********************************************************************************
*                                                                                *
*                           2018.10.30                              *
*                                                                                *
**********************************************************************************

------------  Epoch 4, val_loss: [0.5670732913017273]  -----------
Confusion matrix:
      |  Good|   Bad|<-- classified as
------|-------------| -SUM-
  Good|  1288|   704|  1992
   Bad|   496|  1512|  2008
------|-------------|------
 -SUM-|  1784|  2216|  4000

Accuracy =  70.00%

Results for the individual labels:
	  Good: P = 72.20%, R = 64.66%, F = 68.22%
	   Bad: P = 68.23%, R = 75.30%, F = 71.59%

<<Official Score>>Macro-averaged result:
P = 70.21%, R = 69.98%, F = 70.10%
--------------------------------------------------



**********************************************************************************
*                                                                                *
*                           2018.10.30                              *
*                                                                                *
**********************************************************************************

------------  Epoch 5, val_loss: [0.5434807214736939]  -----------
Confusion matrix:
      |  Good|   Bad|<-- classified as
------|-------------| -SUM-
  Good|  1255|   737|  1992
   Bad|   379|  1629|  2008
------|-------------|------
 -SUM-|  1634|  2366|  4000

Accuracy =  72.10%

Results for the individual labels:
	  Good: P = 76.81%, R = 63.00%, F = 69.22%
	   Bad: P = 68.85%, R = 81.13%, F = 74.49%

<<Official Score>>Macro-averaged result:
P = 72.83%, R = 72.06%, F = 72.44%
--------------------------------------------------



**********************************************************************************
*                                                                                *
*                           2018.10.30                              *
*                                                                                *
**********************************************************************************

------------  Epoch 6, val_loss: [0.5653068761825562]  -----------
Confusion matrix:
      |  Good|   Bad|<-- classified as
------|-------------| -SUM-
  Good|  1083|   909|  1992
   Bad|   232|  1776|  2008
------|-------------|------
 -SUM-|  1315|  2685|  4000

Accuracy =  71.47%

Results for the individual labels:
	  Good: P = 82.36%, R = 54.37%, F = 65.50%
	   Bad: P = 66.15%, R = 88.45%, F = 75.69%

<<Official Score>>Macro-averaged result:
P = 74.25%, R = 71.41%, F = 72.80%
--------------------------------------------------



**********************************************************************************
*                                                                                *
*                           2018.10.30                              *
*                                                                                *
**********************************************************************************

------------  Epoch 7, val_loss: [0.5470773644447327]  -----------
Confusion matrix:
      |  Good|   Bad|<-- classified as
------|-------------| -SUM-
  Good|  1126|   866|  1992
   Bad|   247|  1761|  2008
------|-------------|------
 -SUM-|  1373|  2627|  4000

Accuracy =  72.17%

Results for the individual labels:
	  Good: P = 82.01%, R = 56.53%, F = 66.92%
	   Bad: P = 67.03%, R = 87.70%, F = 75.99%

<<Official Score>>Macro-averaged result:
P = 74.52%, R = 72.11%, F = 73.30%
--------------------------------------------------



**********************************************************************************
*                                                                                *
*                           2018.10.30                              *
*                                                                                *
**********************************************************************************

------------  Epoch 8, val_loss: [0.5279451060295105]  -----------
Confusion matrix:
      |  Good|   Bad|<-- classified as
------|-------------| -SUM-
  Good|  1377|   615|  1992
   Bad|   440|  1568|  2008
------|-------------|------
 -SUM-|  1817|  2183|  4000

Accuracy =  73.62%

Results for the individual labels:
	  Good: P = 75.78%, R = 69.13%, F = 72.30%
	   Bad: P = 71.83%, R = 78.09%, F = 74.83%

<<Official Score>>Macro-averaged result:
P = 73.81%, R = 73.61%, F = 73.71%
--------------------------------------------------



**********************************************************************************
*                                                                                *
*                           2018.10.30                              *
*                                                                                *
**********************************************************************************

------------  Epoch 9, val_loss: [0.5376233110427856]  -----------
Confusion matrix:
      |  Good|   Bad|<-- classified as
------|-------------| -SUM-
  Good|  1389|   603|  1992
   Bad|   444|  1564|  2008
------|-------------|------
 -SUM-|  1833|  2167|  4000

Accuracy =  73.83%

Results for the individual labels:
	  Good: P = 75.78%, R = 69.73%, F = 72.63%
	   Bad: P = 72.17%, R = 77.89%, F = 74.92%

<<Official Score>>Macro-averaged result:
P = 73.98%, R = 73.81%, F = 73.89%
--------------------------------------------------



**********************************************************************************
*                                                                                *
*                           2018.10.30                              *
*                                                                                *
**********************************************************************************

------------  Epoch 10, val_loss: [0.5183679020404816]  -----------
Confusion matrix:
      |  Good|   Bad|<-- classified as
------|-------------| -SUM-
  Good|  1363|   629|  1992
   Bad|   391|  1617|  2008
------|-------------|------
 -SUM-|  1754|  2246|  4000

Accuracy =  74.50%

Results for the individual labels:
	  Good: P = 77.71%, R = 68.42%, F = 72.77%
	   Bad: P = 71.99%, R = 80.53%, F = 76.02%

<<Official Score>>Macro-averaged result:
P = 74.85%, R = 74.48%, F = 74.66%
--------------------------------------------------



**********************************************************************************
*                                                                                *
*                           2018.10.30                              *
*                                                                                *
**********************************************************************************

------------  Epoch 11, val_loss: [0.5331482653617858]  -----------
Confusion matrix:
      |  Good|   Bad|<-- classified as
------|-------------| -SUM-
  Good|  1322|   670|  1992
   Bad|   293|  1715|  2008
------|-------------|------
 -SUM-|  1615|  2385|  4000

Accuracy =  75.92%

Results for the individual labels:
	  Good: P = 81.86%, R = 66.37%, F = 73.30%
	   Bad: P = 71.91%, R = 85.41%, F = 78.08%

<<Official Score>>Macro-averaged result:
P = 76.88%, R = 75.89%, F = 76.38%
--------------------------------------------------



**********************************************************************************
*                                                                                *
*                           2018.10.30                              *
*                                                                                *
**********************************************************************************

------------  Epoch 12, val_loss: [0.5810232062339783]  -----------
Confusion matrix:
      |  Good|   Bad|<-- classified as
------|-------------| -SUM-
  Good|  1363|   629|  1992
   Bad|   395|  1613|  2008
------|-------------|------
 -SUM-|  1758|  2242|  4000

Accuracy =  74.40%

Results for the individual labels:
	  Good: P = 77.53%, R = 68.42%, F = 72.69%
	   Bad: P = 71.94%, R = 80.33%, F = 75.91%

<<Official Score>>Macro-averaged result:
P = 74.74%, R = 74.38%, F = 74.56%
--------------------------------------------------



**********************************************************************************
*                                                                                *
*                           2018.10.30                              *
*                                                                                *
**********************************************************************************

------------  Epoch 13, val_loss: [0.5479752249717712]  -----------
Confusion matrix:
      |  Good|   Bad|<-- classified as
------|-------------| -SUM-
  Good|  1348|   644|  1992
   Bad|   350|  1658|  2008
------|-------------|------
 -SUM-|  1698|  2302|  4000

Accuracy =  75.15%

Results for the individual labels:
	  Good: P = 79.39%, R = 67.67%, F = 73.06%
	   Bad: P = 72.02%, R = 82.57%, F = 76.94%

<<Official Score>>Macro-averaged result:
P = 75.71%, R = 75.12%, F = 75.41%
--------------------------------------------------



**********************************************************************************
*                                                                                *
*                           2018.10.30                              *
*                                                                                *
**********************************************************************************

------------  Epoch 1, val_loss: [0.7086350264549255]  -----------
Confusion matrix:
      |  Good|   Bad|<-- classified as
------|-------------| -SUM-
  Good|     0|  1992|  1992
   Bad|     0|  2008|  2008
------|-------------|------
 -SUM-|     0|  4000|  4000

Accuracy =  50.20%

Results for the individual labels:
	  Good: P =   nan%, R =  0.00%, F =  0.00%
	   Bad: P = 50.20%, R =100.00%, F = 66.84%

<<Official Score>>Macro-averaged result:
P =   nan%, R = 50.00%, F =   nan%
--------------------------------------------------



**********************************************************************************
*                                                                                *
*                           2018.10.30                              *
*                                                                                *
**********************************************************************************

------------  Epoch 2, val_loss: [0.7082298994064331]  -----------
Confusion matrix:
      |  Good|   Bad|<-- classified as
------|-------------| -SUM-
  Good|     0|  1992|  1992
   Bad|     0|  2008|  2008
------|-------------|------
 -SUM-|     0|  4000|  4000

Accuracy =  50.20%

Results for the individual labels:
	  Good: P =   nan%, R =  0.00%, F =  0.00%
	   Bad: P = 50.20%, R =100.00%, F = 66.84%

<<Official Score>>Macro-averaged result:
P =   nan%, R = 50.00%, F =   nan%
--------------------------------------------------



**********************************************************************************
*                                                                                *
*                           2018.10.30                              *
*                                                                                *
**********************************************************************************

------------  Epoch 3, val_loss: [0.7148324017524719]  -----------
Confusion matrix:
      |  Good|   Bad|<-- classified as
------|-------------| -SUM-
  Good|     0|  1992|  1992
   Bad|     0|  2008|  2008
------|-------------|------
 -SUM-|     0|  4000|  4000

Accuracy =  50.20%

Results for the individual labels:
	  Good: P =   nan%, R =  0.00%, F =  0.00%
	   Bad: P = 50.20%, R =100.00%, F = 66.84%

<<Official Score>>Macro-averaged result:
P =   nan%, R = 50.00%, F =   nan%
--------------------------------------------------



**********************************************************************************
*                                                                                *
*                           2018.10.30                              *
*                                                                                *
**********************************************************************************

------------  Epoch 4, val_loss: [0.6959775552749634]  -----------
Confusion matrix:
      |  Good|   Bad|<-- classified as
------|-------------| -SUM-
  Good|  1992|     0|  1992
   Bad|  2008|     0|  2008
------|-------------|------
 -SUM-|  4000|     0|  4000

Accuracy =  49.80%

Results for the individual labels:
	  Good: P = 49.80%, R =100.00%, F = 66.49%
	   Bad: P =   nan%, R =  0.00%, F =  0.00%

<<Official Score>>Macro-averaged result:
P =   nan%, R = 50.00%, F =   nan%
--------------------------------------------------



**********************************************************************************
*                                                                                *
*                           2018.10.30                              *
*                                                                                *
**********************************************************************************

------------  Epoch 5, val_loss: [0.6937914309501648]  -----------
Confusion matrix:
      |  Good|   Bad|<-- classified as
------|-------------| -SUM-
  Good|  1992|     0|  1992
   Bad|  2008|     0|  2008
------|-------------|------
 -SUM-|  4000|     0|  4000

Accuracy =  49.80%

Results for the individual labels:
	  Good: P = 49.80%, R =100.00%, F = 66.49%
	   Bad: P =   nan%, R =  0.00%, F =  0.00%

<<Official Score>>Macro-averaged result:
P =   nan%, R = 50.00%, F =   nan%
--------------------------------------------------



**********************************************************************************
*                                                                                *
*                           2018.10.30                              *
*                                                                                *
**********************************************************************************

------------  Epoch 6, val_loss: [0.6933030996322632]  -----------
Confusion matrix:
      |  Good|   Bad|<-- classified as
------|-------------| -SUM-
  Good|  1992|     0|  1992
   Bad|  2008|     0|  2008
------|-------------|------
 -SUM-|  4000|     0|  4000

Accuracy =  49.80%

Results for the individual labels:
	  Good: P = 49.80%, R =100.00%, F = 66.49%
	   Bad: P =   nan%, R =  0.00%, F =  0.00%

<<Official Score>>Macro-averaged result:
P =   nan%, R = 50.00%, F =   nan%
--------------------------------------------------



**********************************************************************************
*                                                                                *
*                           2018.10.30                              *
*                                                                                *
**********************************************************************************

------------  Epoch 7, val_loss: [0.6932483739852905]  -----------
Confusion matrix:
      |  Good|   Bad|<-- classified as
------|-------------| -SUM-
  Good|     0|  1992|  1992
   Bad|     0|  2008|  2008
------|-------------|------
 -SUM-|     0|  4000|  4000

Accuracy =  50.20%

Results for the individual labels:
	  Good: P =   nan%, R =  0.00%, F =  0.00%
	   Bad: P = 50.20%, R =100.00%, F = 66.84%

<<Official Score>>Macro-averaged result:
P =   nan%, R = 50.00%, F =   nan%
--------------------------------------------------



**********************************************************************************
*                                                                                *
*                           2018.10.30                              *
*                                                                                *
**********************************************************************************

------------  Epoch 8, val_loss: [0.7075707759857178]  -----------
Confusion matrix:
      |  Good|   Bad|<-- classified as
------|-------------| -SUM-
  Good|  1992|     0|  1992
   Bad|  2008|     0|  2008
------|-------------|------
 -SUM-|  4000|     0|  4000

Accuracy =  49.80%

Results for the individual labels:
	  Good: P = 49.80%, R =100.00%, F = 66.49%
	   Bad: P =   nan%, R =  0.00%, F =  0.00%

<<Official Score>>Macro-averaged result:
P =   nan%, R = 50.00%, F =   nan%
--------------------------------------------------



**********************************************************************************
*                                                                                *
*                           2018.10.30                              *
*                                                                                *
**********************************************************************************

------------  Epoch 1, val_loss: [0.6388929104804992]  -----------
Confusion matrix:
      |  Good|   Bad|<-- classified as
------|-------------| -SUM-
  Good|   760|  1232|  1992
   Bad|   233|  1775|  2008
------|-------------|------
 -SUM-|   993|  3007|  4000

Accuracy =  63.38%

Results for the individual labels:
	  Good: P = 76.54%, R = 38.15%, F = 50.92%
	   Bad: P = 59.03%, R = 88.40%, F = 70.79%

<<Official Score>>Macro-averaged result:
P = 67.78%, R = 63.27%, F = 65.45%
--------------------------------------------------



**********************************************************************************
*                                                                                *
*                           2018.10.30                              *
*                                                                                *
**********************************************************************************

------------  Epoch 2, val_loss: [0.5890847353935241]  -----------
Confusion matrix:
      |  Good|   Bad|<-- classified as
------|-------------| -SUM-
  Good|  1397|   595|  1992
   Bad|   666|  1342|  2008
------|-------------|------
 -SUM-|  2063|  1937|  4000

Accuracy =  68.47%

Results for the individual labels:
	  Good: P = 67.72%, R = 70.13%, F = 68.90%
	   Bad: P = 69.28%, R = 66.83%, F = 68.04%

<<Official Score>>Macro-averaged result:
P = 68.50%, R = 68.48%, F = 68.49%
--------------------------------------------------



**********************************************************************************
*                                                                                *
*                           2018.10.30                              *
*                                                                                *
**********************************************************************************

------------  Epoch 3, val_loss: [0.5590757184028625]  -----------
Confusion matrix:
      |  Good|   Bad|<-- classified as
------|-------------| -SUM-
  Good|  1255|   737|  1992
   Bad|   421|  1587|  2008
------|-------------|------
 -SUM-|  1676|  2324|  4000

Accuracy =  71.05%

Results for the individual labels:
	  Good: P = 74.88%, R = 63.00%, F = 68.43%
	   Bad: P = 68.29%, R = 79.03%, F = 73.27%

<<Official Score>>Macro-averaged result:
P = 71.58%, R = 71.02%, F = 71.30%
--------------------------------------------------



**********************************************************************************
*                                                                                *
*                           2018.10.30                              *
*                                                                                *
**********************************************************************************

------------  Epoch 4, val_loss: [0.5439053933620452]  -----------
Confusion matrix:
      |  Good|   Bad|<-- classified as
------|-------------| -SUM-
  Good|  1290|   702|  1992
   Bad|   393|  1615|  2008
------|-------------|------
 -SUM-|  1683|  2317|  4000

Accuracy =  72.62%

Results for the individual labels:
	  Good: P = 76.65%, R = 64.76%, F = 70.20%
	   Bad: P = 69.70%, R = 80.43%, F = 74.68%

<<Official Score>>Macro-averaged result:
P = 73.18%, R = 72.59%, F = 72.88%
--------------------------------------------------



**********************************************************************************
*                                                                                *
*                           2018.10.30                              *
*                                                                                *
**********************************************************************************

------------  Epoch 5, val_loss: [0.5239832825660705]  -----------
Confusion matrix:
      |  Good|   Bad|<-- classified as
------|-------------| -SUM-
  Good|  1334|   658|  1992
   Bad|   354|  1654|  2008
------|-------------|------
 -SUM-|  1688|  2312|  4000

Accuracy =  74.70%

Results for the individual labels:
	  Good: P = 79.03%, R = 66.97%, F = 72.50%
	   Bad: P = 71.54%, R = 82.37%, F = 76.57%

<<Official Score>>Macro-averaged result:
P = 75.28%, R = 74.67%, F = 74.98%
--------------------------------------------------



**********************************************************************************
*                                                                                *
*                           2018.10.30                              *
*                                                                                *
**********************************************************************************

------------  Epoch 6, val_loss: [0.5238988215923309]  -----------
Confusion matrix:
      |  Good|   Bad|<-- classified as
------|-------------| -SUM-
  Good|  1415|   577|  1992
   Bad|   397|  1611|  2008
------|-------------|------
 -SUM-|  1812|  2188|  4000

Accuracy =  75.65%

Results for the individual labels:
	  Good: P = 78.09%, R = 71.03%, F = 74.40%
	   Bad: P = 73.63%, R = 80.23%, F = 76.79%

<<Official Score>>Macro-averaged result:
P = 75.86%, R = 75.63%, F = 75.75%
--------------------------------------------------



**********************************************************************************
*                                                                                *
*                           2018.10.30                              *
*                                                                                *
**********************************************************************************

------------  Epoch 7, val_loss: [0.5204277625083923]  -----------
Confusion matrix:
      |  Good|   Bad|<-- classified as
------|-------------| -SUM-
  Good|  1369|   623|  1992
   Bad|   347|  1661|  2008
------|-------------|------
 -SUM-|  1716|  2284|  4000

Accuracy =  75.75%

Results for the individual labels:
	  Good: P = 79.78%, R = 68.72%, F = 73.84%
	   Bad: P = 72.72%, R = 82.72%, F = 77.40%

<<Official Score>>Macro-averaged result:
P = 76.25%, R = 75.72%, F = 75.99%
--------------------------------------------------



**********************************************************************************
*                                                                                *
*                           2018.10.30                              *
*                                                                                *
**********************************************************************************

------------  Epoch 8, val_loss: [0.5046584811210633]  -----------
Confusion matrix:
      |  Good|   Bad|<-- classified as
------|-------------| -SUM-
  Good|  1464|   528|  1992
   Bad|   403|  1605|  2008
------|-------------|------
 -SUM-|  1867|  2133|  4000

Accuracy =  76.72%

Results for the individual labels:
	  Good: P = 78.41%, R = 73.49%, F = 75.87%
	   Bad: P = 75.25%, R = 79.93%, F = 77.52%

<<Official Score>>Macro-averaged result:
P = 76.83%, R = 76.71%, F = 76.77%
--------------------------------------------------



**********************************************************************************
*                                                                                *
*                           2018.10.30                              *
*                                                                                *
**********************************************************************************

------------  Epoch 9, val_loss: [0.5225074400901795]  -----------
Confusion matrix:
      |  Good|   Bad|<-- classified as
------|-------------| -SUM-
  Good|  1484|   508|  1992
   Bad|   442|  1566|  2008
------|-------------|------
 -SUM-|  1926|  2074|  4000

Accuracy =  76.25%

Results for the individual labels:
	  Good: P = 77.05%, R = 74.50%, F = 75.75%
	   Bad: P = 75.51%, R = 77.99%, F = 76.73%

<<Official Score>>Macro-averaged result:
P = 76.28%, R = 76.24%, F = 76.26%
--------------------------------------------------



**********************************************************************************
*                                                                                *
*                           2018.10.30                              *
*                                                                                *
**********************************************************************************

------------  Epoch 10, val_loss: [0.516480234861374]  -----------
Confusion matrix:
      |  Good|   Bad|<-- classified as
------|-------------| -SUM-
  Good|  1374|   618|  1992
   Bad|   276|  1732|  2008
------|-------------|------
 -SUM-|  1650|  2350|  4000

Accuracy =  77.65%

Results for the individual labels:
	  Good: P = 83.27%, R = 68.98%, F = 75.45%
	   Bad: P = 73.70%, R = 86.25%, F = 79.49%

<<Official Score>>Macro-averaged result:
P = 78.49%, R = 77.62%, F = 78.05%
--------------------------------------------------



**********************************************************************************
*                                                                                *
*                           2018.10.30                              *
*                                                                                *
**********************************************************************************

------------  Epoch 11, val_loss: [0.548077661037445]  -----------
Confusion matrix:
      |  Good|   Bad|<-- classified as
------|-------------| -SUM-
  Good|  1485|   507|  1992
   Bad|   392|  1616|  2008
------|-------------|------
 -SUM-|  1877|  2123|  4000

Accuracy =  77.53%

Results for the individual labels:
	  Good: P = 79.12%, R = 74.55%, F = 76.76%
	   Bad: P = 76.12%, R = 80.48%, F = 78.24%

<<Official Score>>Macro-averaged result:
P = 77.62%, R = 77.51%, F = 77.57%
--------------------------------------------------



**********************************************************************************
*                                                                                *
*                           2018.10.30                              *
*                                                                                *
**********************************************************************************

------------  Epoch 12, val_loss: [0.5379789977073669]  -----------
Confusion matrix:
      |  Good|   Bad|<-- classified as
------|-------------| -SUM-
  Good|  1412|   580|  1992
   Bad|   316|  1692|  2008
------|-------------|------
 -SUM-|  1728|  2272|  4000

Accuracy =  77.60%

Results for the individual labels:
	  Good: P = 81.71%, R = 70.88%, F = 75.91%
	   Bad: P = 74.47%, R = 84.26%, F = 79.07%

<<Official Score>>Macro-averaged result:
P = 78.09%, R = 77.57%, F = 77.83%
--------------------------------------------------



**********************************************************************************
*                                                                                *
*                           2018.10.30                              *
*                                                                                *
**********************************************************************************

------------  Epoch 13, val_loss: [0.5787296104431152]  -----------
Confusion matrix:
      |  Good|   Bad|<-- classified as
------|-------------| -SUM-
  Good|  1184|   808|  1992
   Bad|   178|  1830|  2008
------|-------------|------
 -SUM-|  1362|  2638|  4000

Accuracy =  75.35%

Results for the individual labels:
	  Good: P = 86.93%, R = 59.44%, F = 70.60%
	   Bad: P = 69.37%, R = 91.14%, F = 78.78%

<<Official Score>>Macro-averaged result:
P = 78.15%, R = 75.29%, F = 76.69%
--------------------------------------------------



**********************************************************************************
*                                                                                *
*                           2018.10.30                              *
*                                                                                *
**********************************************************************************

------------  Epoch 14, val_loss: [0.5809635329246521]  -----------
Confusion matrix:
      |  Good|   Bad|<-- classified as
------|-------------| -SUM-
  Good|  1461|   531|  1992
   Bad|   345|  1663|  2008
------|-------------|------
 -SUM-|  1806|  2194|  4000

Accuracy =  78.10%

Results for the individual labels:
	  Good: P = 80.90%, R = 73.34%, F = 76.94%
	   Bad: P = 75.80%, R = 82.82%, F = 79.15%

<<Official Score>>Macro-averaged result:
P = 78.35%, R = 78.08%, F = 78.21%
--------------------------------------------------



**********************************************************************************
*                                                                                *
*                           2018.10.30                              *
*                                                                                *
**********************************************************************************

------------  Epoch 15, val_loss: [0.5498938016891479]  -----------
Confusion matrix:
      |  Good|   Bad|<-- classified as
------|-------------| -SUM-
  Good|  1483|   509|  1992
   Bad|   379|  1629|  2008
------|-------------|------
 -SUM-|  1862|  2138|  4000

Accuracy =  77.80%

Results for the individual labels:
	  Good: P = 79.65%, R = 74.45%, F = 76.96%
	   Bad: P = 76.19%, R = 81.13%, F = 78.58%

<<Official Score>>Macro-averaged result:
P = 77.92%, R = 77.79%, F = 77.85%
--------------------------------------------------



**********************************************************************************
*                                                                                *
*                           2018.10.30                              *
*                                                                                *
**********************************************************************************

------------  Epoch 16, val_loss: [0.6317306590080262]  -----------
Confusion matrix:
      |  Good|   Bad|<-- classified as
------|-------------| -SUM-
  Good|  1458|   534|  1992
   Bad|   359|  1649|  2008
------|-------------|------
 -SUM-|  1817|  2183|  4000

Accuracy =  77.68%

Results for the individual labels:
	  Good: P = 80.24%, R = 73.19%, F = 76.56%
	   Bad: P = 75.54%, R = 82.12%, F = 78.69%

<<Official Score>>Macro-averaged result:
P = 77.89%, R = 77.66%, F = 77.77%
--------------------------------------------------



**********************************************************************************
*                                                                                *
*                           2018.10.30                              *
*                                                                                *
**********************************************************************************

------------  Epoch 17, val_loss: [0.6253489279747009]  -----------
Confusion matrix:
      |  Good|   Bad|<-- classified as
------|-------------| -SUM-
  Good|  1514|   478|  1992
   Bad|   422|  1586|  2008
------|-------------|------
 -SUM-|  1936|  2064|  4000

Accuracy =  77.50%

Results for the individual labels:
	  Good: P = 78.20%, R = 76.00%, F = 77.09%
	   Bad: P = 76.84%, R = 78.98%, F = 77.90%

<<Official Score>>Macro-averaged result:
P = 77.52%, R = 77.49%, F = 77.51%
--------------------------------------------------



**********************************************************************************
*                                                                                *
*                           2018.10.30                              *
*                                                                                *
**********************************************************************************

------------  Epoch 18, val_loss: [0.6807436666488648]  -----------
Confusion matrix:
      |  Good|   Bad|<-- classified as
------|-------------| -SUM-
  Good|  1516|   476|  1992
   Bad|   428|  1580|  2008
------|-------------|------
 -SUM-|  1944|  2056|  4000

Accuracy =  77.40%

Results for the individual labels:
	  Good: P = 77.98%, R = 76.10%, F = 77.03%
	   Bad: P = 76.85%, R = 78.69%, F = 77.76%

<<Official Score>>Macro-averaged result:
P = 77.42%, R = 77.39%, F = 77.41%
--------------------------------------------------



**********************************************************************************
*                                                                                *
*                           2018.10.30                              *
*                                                                                *
**********************************************************************************

------------  Epoch 19, val_loss: [0.6827219314575196]  -----------
Confusion matrix:
      |  Good|   Bad|<-- classified as
------|-------------| -SUM-
  Good|  1462|   530|  1992
   Bad|   361|  1647|  2008
------|-------------|------
 -SUM-|  1823|  2177|  4000

Accuracy =  77.72%

Results for the individual labels:
	  Good: P = 80.20%, R = 73.39%, F = 76.64%
	   Bad: P = 75.65%, R = 82.02%, F = 78.71%

<<Official Score>>Macro-averaged result:
P = 77.93%, R = 77.71%, F = 77.82%
--------------------------------------------------



**********************************************************************************
*                                                                                *
*                           2018.10.30                              *
*                                                                                *
**********************************************************************************

------------  Epoch 20, val_loss: [0.7385963897705078]  -----------
Confusion matrix:
      |  Good|   Bad|<-- classified as
------|-------------| -SUM-
  Good|  1449|   543|  1992
   Bad|   371|  1637|  2008
------|-------------|------
 -SUM-|  1820|  2180|  4000

Accuracy =  77.15%

Results for the individual labels:
	  Good: P = 79.62%, R = 72.74%, F = 76.02%
	   Bad: P = 75.09%, R = 81.52%, F = 78.18%

<<Official Score>>Macro-averaged result:
P = 77.35%, R = 77.13%, F = 77.24%
--------------------------------------------------



**********************************************************************************
*                                                                                *
*                           2018.10.30                              *
*                                                                                *
**********************************************************************************

------------  Epoch 21, val_loss: [0.7352206025123597]  -----------
Confusion matrix:
      |  Good|   Bad|<-- classified as
------|-------------| -SUM-
  Good|  1491|   501|  1992
   Bad|   401|  1607|  2008
------|-------------|------
 -SUM-|  1892|  2108|  4000

Accuracy =  77.45%

Results for the individual labels:
	  Good: P = 78.81%, R = 74.85%, F = 76.78%
	   Bad: P = 76.23%, R = 80.03%, F = 78.09%

<<Official Score>>Macro-averaged result:
P = 77.52%, R = 77.44%, F = 77.48%
--------------------------------------------------



**********************************************************************************
*                                                                                *
*                           2018.10.30                              *
*                                                                                *
**********************************************************************************

------------  Epoch 22, val_loss: [0.7518736081123352]  -----------
Confusion matrix:
      |  Good|   Bad|<-- classified as
------|-------------| -SUM-
  Good|  1385|   607|  1992
   Bad|   286|  1722|  2008
------|-------------|------
 -SUM-|  1671|  2329|  4000

Accuracy =  77.68%

Results for the individual labels:
	  Good: P = 82.88%, R = 69.53%, F = 75.62%
	   Bad: P = 73.94%, R = 85.76%, F = 79.41%

<<Official Score>>Macro-averaged result:
P = 78.41%, R = 77.64%, F = 78.02%
--------------------------------------------------

